<?xml version="1.0" encoding="UTF-8"?>
<!-- Generated by org.testng.reporters.JUnitReportReporter -->
<testsuite skipped="0" hostname="Admin" name="com.poly.test_TestNG.avc" tests="2" failures="0" timestamp="2020-10-22T01:23:25 ICT" time="0.010" errors="0">
  <testcase name="test01" time="0.008" classname="com.poly.test_TestNG.avc"/>
  <system-out/>
  <testcase name="test02" time="0.002" classname="com.poly.test_TestNG.avc"/>
  <system-out/>
</testsuite> <!-- com.poly.test_TestNG.avc -->
