<?xml version="1.0" encoding="UTF-8"?>
<!-- Generated by org.testng.reporters.JUnitReportReporter -->
<testsuite skipped="0" hostname="Admin" name="ParametersTesting.loginTestJunit" tests="1" failures="0" timestamp="2020-10-17T16:21:37 ICT" time="0.070" errors="0">
  <testcase name="testAdminLoginSuccess" time="0.070" classname="ParametersTesting.loginTestJunit"/>
  <system-out/>
</testsuite> <!-- ParametersTesting.loginTestJunit -->
