<?xml version="1.0" encoding="UTF-8"?>
<!-- Generated by org.testng.reporters.JUnitReportReporter -->
<testsuite skipped="0" hostname="Admin" name="com.poly.test_TestNG.demo$userTestNG" tests="1" failures="0" timestamp="2020-10-21T18:27:50 ICT" time="9.674" errors="0">
  <testcase name="testAddUserAdminSuccess" time="9.674" classname="com.poly.test_TestNG.demo$userTestNG"/>
  <system-out/>
</testsuite> <!-- com.poly.test_TestNG.demo$userTestNG -->
