<?xml version="1.0" encoding="UTF-8"?>
<!-- Generated by org.testng.reporters.JUnitReportReporter -->
<testsuite skipped="0" hostname="Admin" name="fpoly.testLoginExl" tests="4" failures="0" timestamp="2020-10-21T11:46:20 ICT" time="9.063" errors="0">
  <testcase name="LaunchWebsite" time="1.573" classname="fpoly.testLoginExl"/>
  <system-out/>
  <testcase name="FillLoginDetails" time="1.162" classname="fpoly.testLoginExl"/>
  <system-out/>
  <testcase name="DoLogin" time="0.928" classname="fpoly.testLoginExl"/>
  <system-out/>
  <testcase name="testinsertDM" time="5.400" classname="fpoly.testLoginExl"/>
  <system-out/>
</testsuite> <!-- fpoly.testLoginExl -->
