<?xml version="1.0" encoding="UTF-8"?>
<!-- Generated by org.testng.reporters.JUnitReportReporter -->
<testsuite skipped="0" hostname="Admin" name="bai03.ParametersTesting" tests="1" failures="0" timestamp="2020-10-17T16:18:47 ICT" time="0.011" errors="0">
  <testcase name="FillLoginForm" time="0.011" classname="bai03.ParametersTesting"/>
  <system-out/>
</testsuite> <!-- bai03.ParametersTesting -->
