<?xml version="1.0" encoding="UTF-8"?>
<!-- Generated by org.testng.reporters.JUnitReportReporter -->
<testsuite skipped="0" hostname="Admin" name="com.poly.test_TestNG.loginTest" tests="1" failures="0" timestamp="2020-10-14T17:56:16 ICT" time="2.569" errors="0">
  <testcase name="Test" time="2.569" classname="com.poly.test_TestNG.loginTest"/>
  <system-out/>
</testsuite> <!-- com.poly.test_TestNG.loginTest -->
