<?xml version="1.0" encoding="UTF-8"?>
<!-- Generated by org.testng.reporters.JUnitReportReporter -->
<testsuite skipped="0" hostname="Admin" name="com.poly.test_TestNG.aaa" tests="2" failures="0" timestamp="2020-10-14T02:50:02 ICT" time="0.013" errors="0">
  <testcase name="test01" time="0.010" classname="com.poly.test_TestNG.aaa"/>
  <system-out/>
  <testcase name="test02" time="0.003" classname="com.poly.test_TestNG.aaa"/>
  <system-out/>
</testsuite> <!-- com.poly.test_TestNG.aaa -->
