<?xml version="1.0" encoding="UTF-8"?>
<!-- Generated by org.testng.reporters.JUnitReportReporter -->
<testsuite skipped="0" hostname="Admin" name="com.poly.test_TestNG.Parameters_insertUser" tests="1" failures="0" timestamp="2020-10-22T03:00:26 ICT" time="35.925" errors="0">
  <testcase name="testInsertserAdminSuccess_pr" time="35.925" classname="com.poly.test_TestNG.Parameters_insertUser"/>
  <system-out/>
</testsuite> <!-- com.poly.test_TestNG.Parameters_insertUser -->
