<?xml version="1.0" encoding="UTF-8"?>
<!-- Generated by org.testng.reporters.JUnitReportReporter -->
<testsuite hostname="DESKTOP-SEN" failures="0" tests="4" name="fpoly.testLogin_insert" time="8.693" errors="0" timestamp="2021-04-24T07:48:27 ICT" skipped="0">
  <testcase classname="fpoly.testLogin_insert" name="LaunchWebsite" time="0.518"/>
  <system-out/>
  <testcase classname="fpoly.testLogin_insert" name="FillLoginDetails" time="1.302"/>
  <system-out/>
  <testcase classname="fpoly.testLogin_insert" name="DoLogin" time="0.847"/>
  <system-out/>
  <testcase classname="fpoly.testLogin_insert" name="testinsertUser" time="6.026"/>
  <system-out/>
</testsuite> <!-- fpoly.testLogin_insert -->
