<?xml version="1.0" encoding="UTF-8"?>
<!-- Generated by org.testng.reporters.JUnitReportReporter -->
<testsuite skipped="0" hostname="Admin" name="com.poly.test_TestNG.demo" tests="1" failures="0" timestamp="2020-10-21T18:40:42 ICT" time="42.865" errors="0">
  <testcase name="testAddUserAdminSuccess" time="42.865" classname="com.poly.test_TestNG.demo"/>
  <system-out/>
</testsuite> <!-- com.poly.test_TestNG.demo -->
