<?xml version="1.0" encoding="UTF-8"?>
<!-- Generated by org.testng.reporters.JUnitReportReporter -->
<testsuite skipped="0" hostname="Admin" name="com.poly.test_TestNG.userTestNG" tests="3" failures="0" timestamp="2020-10-22T20:49:38 ICT" time="101.144" errors="0">
  <testcase name="testInsertUserAdminSuccess" time="38.853" classname="com.poly.test_TestNG.userTestNG"/>
  <system-out/>
  <testcase name="testUpdateUserAdminSuccess" time="41.995" classname="com.poly.test_TestNG.userTestNG"/>
  <system-out/>
  <testcase name="testdeleteUserAdminSuccess" time="20.296" classname="com.poly.test_TestNG.userTestNG"/>
  <system-out/>
</testsuite> <!-- com.poly.test_TestNG.userTestNG -->
