<?xml version="1.0" encoding="UTF-8"?>
<!-- Generated by org.testng.reporters.JUnitReportReporter -->
<testsuite skipped="0" hostname="Admin" name="fpoly.testDelete_user" tests="4" failures="0" timestamp="2020-10-21T12:04:49 ICT" time="8.454" errors="0">
  <testcase name="LaunchWebsite" time="1.623" classname="fpoly.testDelete_user"/>
  <system-out/>
  <testcase name="FillLoginDetails" time="1.194" classname="fpoly.testDelete_user"/>
  <system-out/>
  <testcase name="DoLogin" time="0.828" classname="fpoly.testDelete_user"/>
  <system-out/>
  <testcase name="testdeleteuser" time="4.809" classname="fpoly.testDelete_user"/>
  <system-out/>
</testsuite> <!-- fpoly.testDelete_user -->
